<?xml version="1.0" encoding="UTF-8"?>
<testng-results ignored="0" total="2" passed="2" failed="0" skipped="0">
  <reporter-output>
  </reporter-output>
  <suite started-at="2022-04-25T21:58:55 IST" name="Test Suite" finished-at="2022-04-25T21:59:00 IST" duration-ms="4836">
    <groups>
    </groups>
    <test started-at="2022-04-25T21:58:55 IST" name="Compare temperature" finished-at="2022-04-25T21:59:00 IST" duration-ms="4836">
      <class name="com.example.TC_02_OpenGoogle">
        <test-method signature="test01()[pri:0, instance:com.example.TC_02_OpenGoogle@3b69e7d1]" started-at="2022-04-25T21:58:55 IST" name="test01" finished-at="2022-04-25T21:59:00 IST" duration-ms="4767" status="PASS">
          <reporter-output>
          </reporter-output>
        </test-method> <!-- test01 -->
      </class> <!-- com.example.TC_02_OpenGoogle -->
      <class name="com.example.TC_01_Demo_TestNG">
        <test-method is-config="true" signature="beforeSuite()[pri:0, instance:com.example.TC_01_Demo_TestNG@6025e1b6]" started-at="2022-04-25T21:58:55 IST" name="beforeSuite" finished-at="2022-04-25T21:58:55 IST" duration-ms="14" status="PASS">
          <reporter-output>
          </reporter-output>
        </test-method> <!-- beforeSuite -->
        <test-method is-config="true" signature="beforeTest()[pri:0, instance:com.example.TC_01_Demo_TestNG@6025e1b6]" started-at="2022-04-25T21:58:55 IST" name="beforeTest" finished-at="2022-04-25T21:58:55 IST" duration-ms="0" status="PASS">
          <reporter-output>
          </reporter-output>
        </test-method> <!-- beforeTest -->
        <test-method is-config="true" signature="beforeClass()[pri:0, instance:com.example.TC_01_Demo_TestNG@6025e1b6]" started-at="2022-04-25T21:58:55 IST" name="beforeClass" finished-at="2022-04-25T21:58:55 IST" duration-ms="1" status="PASS">
          <reporter-output>
          </reporter-output>
        </test-method> <!-- beforeClass -->
        <test-method is-config="true" signature="beforeMethod()[pri:0, instance:com.example.TC_01_Demo_TestNG@6025e1b6]" started-at="2022-04-25T21:58:55 IST" name="beforeMethod" finished-at="2022-04-25T21:58:55 IST" duration-ms="1" status="PASS">
          <reporter-output>
          </reporter-output>
        </test-method> <!-- beforeMethod -->
        <test-method signature="f()[pri:0, instance:com.example.TC_01_Demo_TestNG@6025e1b6]" started-at="2022-04-25T21:58:55 IST" name="f" finished-at="2022-04-25T21:58:55 IST" duration-ms="9" status="PASS">
          <reporter-output>
          </reporter-output>
        </test-method> <!-- f -->
        <test-method is-config="true" signature="afterMethod()[pri:0, instance:com.example.TC_01_Demo_TestNG@6025e1b6]" started-at="2022-04-25T21:58:55 IST" name="afterMethod" finished-at="2022-04-25T21:58:55 IST" duration-ms="1" status="PASS">
          <reporter-output>
          </reporter-output>
        </test-method> <!-- afterMethod -->
        <test-method is-config="true" signature="afterClass()[pri:0, instance:com.example.TC_01_Demo_TestNG@6025e1b6]" started-at="2022-04-25T21:58:55 IST" name="afterClass" finished-at="2022-04-25T21:58:55 IST" duration-ms="0" status="PASS">
          <reporter-output>
          </reporter-output>
        </test-method> <!-- afterClass -->
        <test-method is-config="true" signature="afterTest()[pri:0, instance:com.example.TC_01_Demo_TestNG@6025e1b6]" started-at="2022-04-25T21:59:00 IST" name="afterTest" finished-at="2022-04-25T21:59:00 IST" duration-ms="1" status="PASS">
          <reporter-output>
          </reporter-output>
        </test-method> <!-- afterTest -->
        <test-method is-config="true" signature="afterSuite()[pri:0, instance:com.example.TC_01_Demo_TestNG@6025e1b6]" started-at="2022-04-25T21:59:00 IST" name="afterSuite" finished-at="2022-04-25T21:59:00 IST" duration-ms="0" status="PASS">
          <reporter-output>
          </reporter-output>
        </test-method> <!-- afterSuite -->
      </class> <!-- com.example.TC_01_Demo_TestNG -->
    </test> <!-- Compare temperature -->
  </suite> <!-- Test Suite -->
</testng-results>
